0 info it worked if it ends with ok
1 verbose cli [ '/Users/amin/.nvm/versions/node/v6.5.0/bin/node',
1 verbose cli   '/Users/amin/.nvm/versions/node/v6.5.0/bin/npm',
1 verbose cli   'run',
1 verbose cli   'watch' ]
2 info using npm@3.10.6
3 info using node@v6.5.0
4 verbose run-script [ 'prewatch', 'watch', 'postwatch' ]
5 info lifecycle webtrader-charts@0.0.1~prewatch: webtrader-charts@0.0.1
6 silly lifecycle webtrader-charts@0.0.1~prewatch: no script for prewatch, continuing
7 info lifecycle webtrader-charts@0.0.1~watch: webtrader-charts@0.0.1
8 verbose lifecycle webtrader-charts@0.0.1~watch: unsafe-perm in lifecycle true
9 verbose lifecycle webtrader-charts@0.0.1~watch: PATH: /Users/amin/.nvm/versions/node/v6.5.0/lib/node_modules/npm/bin/node-gyp-bin:/Users/amin/projects/webtrader/webtrader-charts/node_modules/.bin:/usr/local/sbin:/usr/local/Cellar/ant/1.9.6/bin:/usr/local/Cellar/android-sdk/24.4.1_1/tools:/usr/local/Cellar/android-sdk/24.4.1_1/platform-tools:/usr/local/Cellar/android-sdk/24.4.1_1:/Users/amin/projects/cocos2d-x-3.13.1/templates:/Users/amin/projects:/Users/amin/projects/cocos2d-x-3.13.1/tools/cocos2d-console/bin:/Users/amin/.nvm/versions/node/v6.5.0/bin:/usr/local/bin:/usr/bin:/bin:/usr/sbin:/sbin:/Users/amin/.fzf/bin
10 verbose lifecycle webtrader-charts@0.0.1~watch: CWD: /Users/amin/projects/webtrader/webtrader-charts
11 silly lifecycle webtrader-charts@0.0.1~watch: Args: [ '-c', 'webpack --watch --progress' ]
12 silly lifecycle webtrader-charts@0.0.1~watch: Returned: code: 1  signal: null
13 info lifecycle webtrader-charts@0.0.1~watch: Failed to exec watch script
14 verbose stack Error: webtrader-charts@0.0.1 watch: `webpack --watch --progress`
14 verbose stack Exit status 1
14 verbose stack     at EventEmitter.<anonymous> (/Users/amin/.nvm/versions/node/v6.5.0/lib/node_modules/npm/lib/utils/lifecycle.js:255:16)
14 verbose stack     at emitTwo (events.js:106:13)
14 verbose stack     at EventEmitter.emit (events.js:191:7)
14 verbose stack     at ChildProcess.<anonymous> (/Users/amin/.nvm/versions/node/v6.5.0/lib/node_modules/npm/lib/utils/spawn.js:40:14)
14 verbose stack     at emitTwo (events.js:106:13)
14 verbose stack     at ChildProcess.emit (events.js:191:7)
14 verbose stack     at maybeClose (internal/child_process.js:877:16)
14 verbose stack     at Process.ChildProcess._handle.onexit (internal/child_process.js:226:5)
15 verbose pkgid webtrader-charts@0.0.1
16 verbose cwd /Users/amin/projects/webtrader/webtrader-charts
17 error Darwin 16.4.0
18 error argv "/Users/amin/.nvm/versions/node/v6.5.0/bin/node" "/Users/amin/.nvm/versions/node/v6.5.0/bin/npm" "run" "watch"
19 error node v6.5.0
20 error npm  v3.10.6
21 error code ELIFECYCLE
22 error webtrader-charts@0.0.1 watch: `webpack --watch --progress`
22 error Exit status 1
23 error Failed at the webtrader-charts@0.0.1 watch script 'webpack --watch --progress'.
23 error Make sure you have the latest version of node.js and npm installed.
23 error If you do, this is most likely a problem with the webtrader-charts package,
23 error not with npm itself.
23 error Tell the author that this fails on your system:
23 error     webpack --watch --progress
23 error You can get information on how to open an issue for this project with:
23 error     npm bugs webtrader-charts
23 error Or if that isn't available, you can get their info via:
23 error     npm owner ls webtrader-charts
23 error There is likely additional logging output above.
24 verbose exit [ 1, true ]
